  main.c
c:\users\user\desktop\2205_crypto_wolfssl\wolfssl\crypto\common.h(79): warning C4474: 'fprintf' : too many arguments passed for format string
  c:\users\user\desktop\2205_crypto_wolfssl\wolfssl\crypto\common.h(79): note: placeholders and their parameters expect 0 variadic arguments, but 1 were provided
c:\users\user\desktop\2205_crypto_wolfssl\wolfssl\crypto\common.h(70): warning C4101: 'wsaData': unreferenced local variable
c:\users\user\desktop\2205_crypto_wolfssl\wolfssl\crypto\common.h(96): warning C4101: 'i': unreferenced local variable
c:\users\user\desktop\2205_crypto_wolfssl\wolfssl\crypto\common.h(155): warning C4101: 'i': unreferenced local variable
c:\users\user\desktop\2205_crypto_wolfssl\wolfssl\crypto\certfields.h(13): warning C4013: 'print_cert_details' undefined; assuming extern returning int
c:\users\user\desktop\2205_crypto_wolfssl\wolfssl\crypto\certfields.h(31): warning C4018: '<': signed/unsigned mismatch
c:\users\user\desktop\2205_crypto_wolfssl\wolfssl\crypto\certfields.h(192): warning C4101: 'i': unreferenced local variable
c:\users\user\desktop\2205_crypto_wolfssl\wolfssl\crypto\certfields.h(192): warning C4101: 'suc': unreferenced local variable
c:\users\user\desktop\2205_crypto_wolfssl\wolfssl\crypto\certfields.h(192): warning C4101: 'sigType': unreferenced local variable
c:\users\user\desktop\2205_crypto_wolfssl\wolfssl\crypto\certfields.h(192): warning C4101: 'ret': unreferenced local variable
c:\users\user\desktop\2205_crypto_wolfssl\wolfssl\crypto\certfields.h(226): warning C4102: 'clean_all': unreferenced label
c:\users\user\desktop\2205_crypto_wolfssl\wolfssl\crypto\verify.h(33): warning C4102: 'finish': unreferenced label
c:\users\user\desktop\2205_crypto_wolfssl\wolfssl\crypto\misc.h(6): warning C4476: 'fprintf' : unknown type field character '(' in format specifier
c:\users\user\desktop\2205_crypto_wolfssl\wolfssl\crypto\misc.h(6): warning C4476: 'fprintf' : unknown type field character '@' in format specifier
c:\users\user\desktop\2205_crypto_wolfssl\wolfssl\crypto\misc.h(6): warning C4476: 'fprintf' : unknown type field character '&' in format specifier
c:\users\user\desktop\2205_crypto_wolfssl\wolfssl\crypto\misc.h(6): warning C4476: 'fprintf' : unknown type field character '%' in format specifier
c:\users\user\desktop\2205_crypto_wolfssl\wolfssl\crypto\misc.h(6): warning C4476: 'fprintf' : unknown type field character '/' in format specifier
main.c(233): warning C4013: 'cert_show_details' undefined; assuming extern returning int
main.c(245): warning C4013: 'build_msg_header' undefined; assuming extern returning int
main.c(257): warning C4013: 'start_session' undefined; assuming extern returning int
main.c(273): warning C4129: '_': unrecognized character escape sequence
main.c(274): warning C4129: '_': unrecognized character escape sequence
main.c(274): warning C4129: ' ': unrecognized character escape sequence
main.c(275): warning C4129: '_': unrecognized character escape sequence
main.c(275): warning C4129: ' ': unrecognized character escape sequence
main.c(276): warning C4129: '_': unrecognized character escape sequence
main.c(277): warning C4129: '/': unrecognized character escape sequence
main.c(339): warning C4102: 'finish': unreferenced label
main.c(364): warning C4047: '!=': 'int' differs in levels of indirection from 'void *'
main.c(377): warning C4090: 'function': different 'const' qualifiers
main.c(361): warning C4101: 'lookupName': unreferenced local variable
main.c(517): warning C4020: 'client_write': too many actual parameters
main.c(588): warning C4102: 'finish': unreferenced label
main.c(471): warning C4101: 'i': unreferenced local variable
main.c(657): warning C4013: 'get_hostname_from_url' undefined; assuming extern returning int
main.c(666): warning C4047: 'function': 'char *' differs in levels of indirection from 'char (*)[2048]'
main.c(666): warning C4024: 'new_session': different types for formal and actual parameter 9
main.c(679): warning C4090: 'function': different 'const' qualifiers
main.c(681): warning C4090: 'function': different 'const' qualifiers
main.c(684): warning C4090: 'function': different 'const' qualifiers
main.c(692): warning C4090: 'function': different 'const' qualifiers
main.c(632): warning C4102: 'start_ctx': unreferenced label
main.c(691): warning C4102: 'message_free': unreferenced label
main.c(699): warning C4102: 'finish': unreferenced label
main.c(731): warning C4090: '=': different 'const' qualifiers
main.c(740): warning C4090: '=': different 'const' qualifiers
main.c(754): warning C4090: '=': different 'const' qualifiers
main.c(755): warning C4090: '=': different 'const' qualifiers
main.c(762): warning C4090: '=': different 'const' qualifiers
main.c(767): warning C4090: '=': different 'const' qualifiers
main.c(774): warning C4090: '=': different 'const' qualifiers
main.c(716): warning C4101: 'path': unreferenced local variable
main.c(716): warning C4101: 'host': unreferenced local variable
main.c(819): warning C4101: 'sz': unreferenced local variable
main.c(819): warning C4101: 'h': unreferenced local variable
main.c(819): warning C4101: 'stop': unreferenced local variable
main.c(904): warning C4018: '<': signed/unsigned mismatch
main.c(909): warning C4018: '<': signed/unsigned mismatch
main.c(917): warning C4018: '<': signed/unsigned mismatch
main.c(923): warning C4018: '<': signed/unsigned mismatch
main.c(950): warning C4090: 'function': different 'const' qualifiers
main.c(951): warning C4090: 'function': different 'const' qualifiers
main.c(952): warning C4090: 'function': different 'const' qualifiers
main.c(863): warning C4101: 'params': unreferenced local variable
