c:\users\user\desktop\wolfssl\debug\obj\wolfssl.pdb
c:\users\user\desktop\wolfssl\debug\obj\wolfssl.idb
c:\users\user\desktop\wolfssl\debug\obj\random.obj
c:\users\user\desktop\wolfssl\debug\obj\rc2.obj
c:\users\user\desktop\wolfssl\debug\obj\ripemd.obj
c:\users\user\desktop\wolfssl\debug\obj\rsa.obj
c:\users\user\desktop\wolfssl\debug\obj\sha.obj
c:\users\user\desktop\wolfssl\debug\obj\sha256.obj
c:\users\user\desktop\wolfssl\debug\obj\sha3.obj
c:\users\user\desktop\wolfssl\debug\obj\sha512.obj
c:\users\user\desktop\wolfssl\debug\obj\signature.obj
c:\users\user\desktop\wolfssl\debug\obj\sp_c32.obj
c:\users\user\desktop\wolfssl\debug\obj\sp_c64.obj
c:\users\user\desktop\wolfssl\debug\obj\sp_int.obj
c:\users\user\desktop\wolfssl\debug\obj\sp_x86_64.obj
c:\users\user\desktop\wolfssl\debug\obj\srp.obj
c:\users\user\desktop\wolfssl\debug\obj\tfm.obj
c:\users\user\desktop\wolfssl\debug\obj\wc_encrypt.obj
c:\users\user\desktop\wolfssl\debug\obj\wc_pkcs11.obj
c:\users\user\desktop\wolfssl\debug\obj\wc_port.obj
c:\users\user\desktop\wolfssl\debug\obj\wolfmath.obj
c:\users\user\desktop\wolfssl\debug\obj\wolfevent.obj
c:\users\user\desktop\wolfssl\debug\obj\ed25519.obj
c:\users\user\desktop\wolfssl\debug\obj\error.obj
c:\users\user\desktop\wolfssl\debug\obj\fe_operations.obj
c:\users\user\desktop\wolfssl\debug\obj\ge_low_mem.obj
c:\users\user\desktop\wolfssl\debug\obj\ge_operations.obj
c:\users\user\desktop\wolfssl\debug\obj\hash.obj
c:\users\user\desktop\wolfssl\debug\obj\hc128.obj
c:\users\user\desktop\wolfssl\debug\obj\hmac.obj
c:\users\user\desktop\wolfssl\debug\obj\idea.obj
c:\users\user\desktop\wolfssl\debug\obj\integer.obj
c:\users\user\desktop\wolfssl\debug\obj\logging.obj
c:\users\user\desktop\wolfssl\debug\obj\md2.obj
c:\users\user\desktop\wolfssl\debug\obj\md4.obj
c:\users\user\desktop\wolfssl\debug\obj\md5.obj
c:\users\user\desktop\wolfssl\debug\obj\memory.obj
c:\users\user\desktop\wolfssl\debug\obj\pkcs7.obj
c:\users\user\desktop\wolfssl\debug\obj\pkcs12.obj
c:\users\user\desktop\wolfssl\debug\obj\poly1305.obj
c:\users\user\desktop\wolfssl\debug\obj\pwdbased.obj
c:\users\user\desktop\wolfssl\debug\obj\rabbit.obj
c:\users\user\desktop\wolfssl\debug\obj\ocsp.obj
c:\users\user\desktop\wolfssl\debug\obj\ssl.obj
c:\users\user\desktop\wolfssl\debug\obj\tls.obj
c:\users\user\desktop\wolfssl\debug\obj\tls13.obj
c:\users\user\desktop\wolfssl\debug\obj\aes.obj
c:\users\user\desktop\wolfssl\debug\obj\arc4.obj
c:\users\user\desktop\wolfssl\debug\obj\asn.obj
c:\users\user\desktop\wolfssl\debug\obj\blake2b.obj
c:\users\user\desktop\wolfssl\debug\obj\blake2s.obj
c:\users\user\desktop\wolfssl\debug\obj\camellia.obj
c:\users\user\desktop\wolfssl\debug\obj\chacha.obj
c:\users\user\desktop\wolfssl\debug\obj\chacha20_poly1305.obj
c:\users\user\desktop\wolfssl\debug\obj\cmac.obj
c:\users\user\desktop\wolfssl\debug\obj\coding.obj
c:\users\user\desktop\wolfssl\debug\obj\curve25519.obj
c:\users\user\desktop\wolfssl\debug\obj\cpuid.obj
c:\users\user\desktop\wolfssl\debug\obj\des3.obj
c:\users\user\desktop\wolfssl\debug\obj\dh.obj
c:\users\user\desktop\wolfssl\debug\obj\dsa.obj
c:\users\user\desktop\wolfssl\debug\obj\ecc.obj
c:\users\user\desktop\wolfssl\debug\obj\crl.obj
c:\users\user\desktop\wolfssl\debug\obj\internal.obj
c:\users\user\desktop\wolfssl\debug\obj\wolfio.obj
c:\users\user\desktop\wolfssl\debug\obj\keys.obj
c:\users\user\desktop\wolfssl\debug\wolfssl.lib
c:\users\user\desktop\wolfssl\debug\wolfssl.pdb
c:\users\user\desktop\wolfssl\debug\obj\wolfssl.tlog\cl.command.1.tlog
c:\users\user\desktop\wolfssl\debug\obj\wolfssl.tlog\cl.read.1.tlog
c:\users\user\desktop\wolfssl\debug\obj\wolfssl.tlog\cl.write.1.tlog
c:\users\user\desktop\wolfssl\debug\obj\wolfssl.tlog\lib-link.read.1.tlog
c:\users\user\desktop\wolfssl\debug\obj\wolfssl.tlog\lib-link.write.1.tlog
c:\users\user\desktop\wolfssl\debug\obj\wolfssl.tlog\lib.command.1.tlog
