  main.c
D:\2205\2205_crypto_wolfssl\wolfssl\crypto\common.h(80,54): warning C4474: 'fprintf' : too many arguments passed for format string
D:\2205\2205_crypto_wolfssl\wolfssl\crypto\common.h(80,54): message : placeholders and their parameters expect 0 variadic arguments, but 1 were provided
D:\2205\2205_crypto_wolfssl\wolfssl\crypto\common.h(79,20): warning C4996: 'gethostbyname': Use getaddrinfo() or GetAddrInfoW() instead or define _WINSOCK_DEPRECATED_NO_WARNINGS to disable deprecated API warnings
D:\2205\2205_crypto_wolfssl\wolfssl\crypto\common.h(86,3): warning C4996: 'strcpy': This function or variable may be unsafe. Consider using strcpy_s instead. To disable deprecation, use _CRT_SECURE_NO_WARNINGS. See online help for details.
D:\2205\2205_crypto_wolfssl\wolfssl\crypto\common.h(71,10): warning C4101: 'wsaData': unreferenced local variable
D:\2205\2205_crypto_wolfssl\wolfssl\crypto\common.h(101,14): warning C4996: 'strtok': This function or variable may be unsafe. Consider using strtok_s instead. To disable deprecation, use _CRT_SECURE_NO_WARNINGS. See online help for details.
D:\2205\2205_crypto_wolfssl\wolfssl\crypto\common.h(111,11): warning C4996: 'strtok': This function or variable may be unsafe. Consider using strtok_s instead. To disable deprecation, use _CRT_SECURE_NO_WARNINGS. See online help for details.
D:\2205\2205_crypto_wolfssl\wolfssl\crypto\common.h(97,6): warning C4101: 'i': unreferenced local variable
D:\2205\2205_crypto_wolfssl\wolfssl\crypto\certfields.h(7,26): warning C4013: 'print_cert_details' undefined; assuming extern returning int
D:\2205\2205_crypto_wolfssl\wolfssl\crypto\certfields.h(21,16): warning C4018: '<': signed/unsigned mismatch
D:\2205\2205_crypto_wolfssl\wolfssl\crypto\certfields.h(48,40): warning C4101: 'i': unreferenced local variable
D:\2205\2205_crypto_wolfssl\wolfssl\crypto\certfields.h(48,28): warning C4101: 'suc': unreferenced local variable
D:\2205\2205_crypto_wolfssl\wolfssl\crypto\certfields.h(48,19): warning C4101: 'sigType': unreferenced local variable
D:\2205\2205_crypto_wolfssl\wolfssl\crypto\certfields.h(48,6): warning C4101: 'ret': unreferenced local variable
D:\2205\2205_crypto_wolfssl\wolfssl\crypto\certfields.h(77,10): warning C4102: 'clean_all': unreferenced label
D:\2205\2205_crypto_wolfssl\wolfssl\crypto\verify.h(38,7): warning C4102: 'finish': unreferenced label
D:\2205\2205_crypto_wolfssl\wolfssl\crypto\main.c(86,24): warning C4047: 'function': 'char **' differs in levels of indirection from 'char [1]'
D:\2205\2205_crypto_wolfssl\wolfssl\crypto\main.c(86,20): warning C4024: 'createReq': different types for formal and actual parameter 1
D:\2205\2205_crypto_wolfssl\wolfssl\crypto\main.c(86,30): warning C4047: 'function': 'char **' differs in levels of indirection from 'char [1]'
D:\2205\2205_crypto_wolfssl\wolfssl\crypto\main.c(86,26): warning C4024: 'createReq': different types for formal and actual parameter 2
D:\2205\2205_crypto_wolfssl\wolfssl\crypto\main.c(86,35): warning C4047: 'function': 'char **' differs in levels of indirection from 'char [1]'
D:\2205\2205_crypto_wolfssl\wolfssl\crypto\main.c(86,32): warning C4024: 'createReq': different types for formal and actual parameter 3
D:\2205\2205_crypto_wolfssl\wolfssl\crypto\main.c(91,21): warning C4013: 'start_session' undefined; assuming extern returning int
D:\2205\2205_crypto_wolfssl\wolfssl\crypto\main.c(82,1): warning C4047: 'initializing': 'char' differs in levels of indirection from 'char *'
D:\2205\2205_crypto_wolfssl\wolfssl\crypto\main.c(83,1): warning C4047: 'initializing': 'char' differs in levels of indirection from 'char *'
D:\2205\2205_crypto_wolfssl\wolfssl\crypto\main.c(84,1): warning C4047: 'initializing': 'char' differs in levels of indirection from 'char *'
D:\2205\2205_crypto_wolfssl\wolfssl\crypto\main.c(118,7): warning C4102: 'finish': unreferenced label
D:\2205\2205_crypto_wolfssl\wolfssl\crypto\main.c(76,7): warning C4101: 'input': unreferenced local variable
D:\2205\2205_crypto_wolfssl\wolfssl\crypto\main.c(180,7): warning C4102: 'finish': unreferenced label
D:\2205\2205_crypto_wolfssl\wolfssl\crypto\main.c(204,58): warning C4047: '!=': 'int' differs in levels of indirection from 'void *'
D:\2205\2205_crypto_wolfssl\wolfssl\crypto\main.c(216,23): warning C4090: 'function': different 'const' qualifiers
D:\2205\2205_crypto_wolfssl\wolfssl\crypto\main.c(210,10): warning C4996: 'gethostbyname': Use getaddrinfo() or GetAddrInfoW() instead or define _WINSOCK_DEPRECATED_NO_WARNINGS to disable deprecated API warnings
D:\2205\2205_crypto_wolfssl\wolfssl\crypto\main.c(217,28): warning C4996: 'inet_addr': Use inet_pton() or InetPton() instead or define _WINSOCK_DEPRECATED_NO_WARNINGS to disable deprecated API warnings
D:\2205\2205_crypto_wolfssl\wolfssl\crypto\main.c(335,49): warning C4020: 'ClientWrite': too many actual parameters
D:\2205\2205_crypto_wolfssl\wolfssl\crypto\main.c(346,7): warning C4102: 'finish': unreferenced label
D:\2205\2205_crypto_wolfssl\wolfssl\crypto\main.c(403,7): warning C4102: 'finish': unreferenced label
D:\2205\2205_crypto_wolfssl\wolfssl\crypto\main.c(408,22): warning C4028: formal parameter 1 different from declaration
D:\2205\2205_crypto_wolfssl\wolfssl\crypto\main.c(408,35): warning C4028: formal parameter 2 different from declaration
D:\2205\2205_crypto_wolfssl\wolfssl\crypto\main.c(408,47): warning C4028: formal parameter 3 different from declaration
D:\2205\2205_crypto_wolfssl\wolfssl\crypto\main.c(413,3): warning C4996: 'strcat': This function or variable may be unsafe. Consider using strcat_s instead. To disable deprecation, use _CRT_SECURE_NO_WARNINGS. See online help for details.
D:\2205\2205_crypto_wolfssl\wolfssl\crypto\main.c(414,3): warning C4996: 'strcat': This function or variable may be unsafe. Consider using strcat_s instead. To disable deprecation, use _CRT_SECURE_NO_WARNINGS. See online help for details.
D:\2205\2205_crypto_wolfssl\wolfssl\crypto\main.c(415,3): warning C4996: 'strcat': This function or variable may be unsafe. Consider using strcat_s instead. To disable deprecation, use _CRT_SECURE_NO_WARNINGS. See online help for details.
D:\2205\2205_crypto_wolfssl\wolfssl\crypto\main.c(416,3): warning C4996: 'strcat': This function or variable may be unsafe. Consider using strcat_s instead. To disable deprecation, use _CRT_SECURE_NO_WARNINGS. See online help for details.
D:\2205\2205_crypto_wolfssl\wolfssl\crypto\main.c(417,3): warning C4996: 'strcat': This function or variable may be unsafe. Consider using strcat_s instead. To disable deprecation, use _CRT_SECURE_NO_WARNINGS. See online help for details.
D:\2205\2205_crypto_wolfssl\wolfssl\crypto\main.c(422,3): warning C4996: 'strcat': This function or variable may be unsafe. Consider using strcat_s instead. To disable deprecation, use _CRT_SECURE_NO_WARNINGS. See online help for details.
D:\2205\2205_crypto_wolfssl\wolfssl\crypto\main.c(423,3): warning C4996: 'strcat': This function or variable may be unsafe. Consider using strcat_s instead. To disable deprecation, use _CRT_SECURE_NO_WARNINGS. See online help for details.
D:\2205\2205_crypto_wolfssl\wolfssl\crypto\main.c(424,3): warning C4996: 'strcat': This function or variable may be unsafe. Consider using strcat_s instead. To disable deprecation, use _CRT_SECURE_NO_WARNINGS. See online help for details.
D:\2205\2205_crypto_wolfssl\wolfssl\crypto\main.c(425,3): warning C4996: 'strcat': This function or variable may be unsafe. Consider using strcat_s instead. To disable deprecation, use _CRT_SECURE_NO_WARNINGS. See online help for details.
D:\2205\2205_crypto_wolfssl\wolfssl\crypto\main.c(426,3): warning C4996: 'strcat': This function or variable may be unsafe. Consider using strcat_s instead. To disable deprecation, use _CRT_SECURE_NO_WARNINGS. See online help for details.
D:\2205\2205_crypto_wolfssl\wolfssl\crypto\main.c(432): warning C4715: 'createReq': not all control paths return a value
D:\2205\2205_crypto_wolfssl\wolfssl\crypto\main.c(299): warning C4700: uninitialized local variable 'ssl' used
  wolfssl.lib(tls.obj) : MSIL .netmodule or module compiled with /GL found; restarting link with /LTCG; add /LTCG to the link command line to improve linker performance
LINK : warning LNK4075: ignoring '/INCREMENTAL' due to '/LTCG' specification
LINK : warning LNK4098: defaultlib 'MSVCRT' conflicts with use of other libs; use /NODEFAULTLIB:library
  Generating code
  Finished generating code
  crypto.vcxproj -> D:\2205\2205_crypto_wolfssl\wolfssl\Debug\crypto.exe
