  main.c
c:\users\user\desktop\2205_crypto_wolfssl\crypto\common.h(79): warning C4474: 'fprintf' : too many arguments passed for format string
  c:\users\user\desktop\2205_crypto_wolfssl\crypto\common.h(79): note: placeholders and their parameters expect 0 variadic arguments, but 1 were provided
c:\users\user\desktop\2205_crypto_wolfssl\crypto\common.h(70): warning C4101: 'wsaData': unreferenced local variable
c:\users\user\desktop\2205_crypto_wolfssl\crypto\common.h(96): warning C4101: 'i': unreferenced local variable
c:\users\user\desktop\2205_crypto_wolfssl\crypto\common.h(155): warning C4101: 'i': unreferenced local variable
c:\users\user\desktop\2205_crypto_wolfssl\crypto\certfields.h(13): warning C4013: 'print_cert_details' undefined; assuming extern returning int
c:\users\user\desktop\2205_crypto_wolfssl\crypto\certfields.h(31): warning C4018: '<': signed/unsigned mismatch
c:\users\user\desktop\2205_crypto_wolfssl\crypto\certfields.h(192): warning C4101: 'i': unreferenced local variable
c:\users\user\desktop\2205_crypto_wolfssl\crypto\certfields.h(192): warning C4101: 'suc': unreferenced local variable
c:\users\user\desktop\2205_crypto_wolfssl\crypto\certfields.h(192): warning C4101: 'sigType': unreferenced local variable
c:\users\user\desktop\2205_crypto_wolfssl\crypto\certfields.h(192): warning C4101: 'ret': unreferenced local variable
c:\users\user\desktop\2205_crypto_wolfssl\crypto\certfields.h(226): warning C4102: 'clean_all': unreferenced label
c:\users\user\desktop\2205_crypto_wolfssl\crypto\verify.h(33): warning C4102: 'finish': unreferenced label
c:\users\user\desktop\2205_crypto_wolfssl\crypto\misc.h(6): warning C4476: 'fprintf' : unknown type field character '(' in format specifier
c:\users\user\desktop\2205_crypto_wolfssl\crypto\misc.h(6): warning C4476: 'fprintf' : unknown type field character '@' in format specifier
c:\users\user\desktop\2205_crypto_wolfssl\crypto\misc.h(6): warning C4476: 'fprintf' : unknown type field character '&' in format specifier
c:\users\user\desktop\2205_crypto_wolfssl\crypto\misc.h(6): warning C4476: 'fprintf' : unknown type field character '%' in format specifier
c:\users\user\desktop\2205_crypto_wolfssl\crypto\misc.h(6): warning C4476: 'fprintf' : unknown type field character '/' in format specifier
main.c(233): warning C4013: 'cert_show_details' undefined; assuming extern returning int
main.c(245): warning C4013: 'build_msg_header' undefined; assuming extern returning int
main.c(257): warning C4013: 'start_session' undefined; assuming extern returning int
main.c(273): warning C4129: '_': unrecognized character escape sequence
main.c(274): warning C4129: '_': unrecognized character escape sequence
main.c(274): warning C4129: ' ': unrecognized character escape sequence
main.c(275): warning C4129: '_': unrecognized character escape sequence
main.c(275): warning C4129: ' ': unrecognized character escape sequence
main.c(276): warning C4129: '_': unrecognized character escape sequence
main.c(277): warning C4129: '/': unrecognized character escape sequence
main.c(336): warning C4102: 'finish': unreferenced label
main.c(361): warning C4047: '!=': 'int' differs in levels of indirection from 'void *'
main.c(374): warning C4090: 'function': different 'const' qualifiers
main.c(358): warning C4101: 'lookupName': unreferenced local variable
main.c(514): warning C4020: 'client_write': too many actual parameters
main.c(585): warning C4102: 'finish': unreferenced label
main.c(468): warning C4101: 'i': unreferenced local variable
main.c(654): warning C4013: 'get_hostname_from_url' undefined; assuming extern returning int
main.c(663): warning C4047: 'function': 'char *' differs in levels of indirection from 'char (*)[2048]'
main.c(663): warning C4024: 'new_session': different types for formal and actual parameter 9
main.c(676): warning C4090: 'function': different 'const' qualifiers
main.c(678): warning C4090: 'function': different 'const' qualifiers
main.c(681): warning C4090: 'function': different 'const' qualifiers
main.c(689): warning C4090: 'function': different 'const' qualifiers
main.c(629): warning C4102: 'start_ctx': unreferenced label
main.c(688): warning C4102: 'message_free': unreferenced label
main.c(696): warning C4102: 'finish': unreferenced label
main.c(728): warning C4090: '=': different 'const' qualifiers
main.c(737): warning C4090: '=': different 'const' qualifiers
main.c(751): warning C4090: '=': different 'const' qualifiers
main.c(752): warning C4090: '=': different 'const' qualifiers
main.c(759): warning C4090: '=': different 'const' qualifiers
main.c(764): warning C4090: '=': different 'const' qualifiers
main.c(771): warning C4090: '=': different 'const' qualifiers
main.c(713): warning C4101: 'path': unreferenced local variable
main.c(713): warning C4101: 'host': unreferenced local variable
main.c(802): warning C4101: 'sz': unreferenced local variable
main.c(802): warning C4101: 'h': unreferenced local variable
main.c(802): warning C4101: 'stop': unreferenced local variable
main.c(887): warning C4018: '<': signed/unsigned mismatch
main.c(892): warning C4018: '<': signed/unsigned mismatch
main.c(900): warning C4018: '<': signed/unsigned mismatch
main.c(906): warning C4018: '<': signed/unsigned mismatch
main.c(933): warning C4090: 'function': different 'const' qualifiers
main.c(934): warning C4090: 'function': different 'const' qualifiers
main.c(935): warning C4090: 'function': different 'const' qualifiers
main.c(846): warning C4101: 'params': unreferenced local variable
  Generating code
c:\users\user\desktop\2205_crypto_wolfssl\crypto\main.c(477): warning C4700: uninitialized local variable 'ssl' used
  2 of 1104 functions ( 0.2%) were compiled, the rest were copied from previous compilation.
    0 functions were new in current compilation
    1 functions had inline decision re-evaluated but remain unchanged
  Finished generating code
  crypto.vcxproj -> C:\Users\User\Desktop\2205_crypto_wolfssl\Release\crypto.exe
  crypto.vcxproj -> C:\Users\User\Desktop\2205_crypto_wolfssl\Release\crypto.pdb (Full PDB)
